<?xml version="1.0" encoding="UTF-8"?>
<testsuite xmlns:xsi="http://www.w3.org/2001/XMLSchema-instance" xsi:noNamespaceSchemaLocation="https://maven.apache.org/surefire/maven-surefire-plugin/xsd/surefire-test-report.xsd" version="3.0.2" name="com.Thymleaf.ServerFrontend.ServerFrontendApplicationTests" time="5.948" tests="1" errors="0" skipped="0" failures="0" flakes="0">
  <properties>
[...]
</properties>
  <testcase name="contextLoads" classname="com.Thymleaf.ServerFrontend.ServerFrontendApplicationTests" time="1.594">
    <system-out><![CDATA[19:59:35.723 [main] INFO org.springframework.test.context.support.AnnotationConfigContextLoaderUtils -- Could not detect default configuration classes for test class [com.Thymleaf.ServerFrontend.ServerFrontendApplicationTests]: ServerFrontendApplicationTests does not declare any static, non-private, non-final, nested classes annotated with @Configuration.
19:59:35.944 [main] INFO org.springframework.boot.test.context.SpringBootTestContextBootstrapper -- Found @SpringBootConfiguration com.Thymleaf.ServerFrontend.ServerFrontendApplication for test class com.Thymleaf.ServerFrontend.ServerFrontendApplicationTests
19:59:36.180 [main] INFO org.springframework.test.context.support.AnnotationConfigContextLoaderUtils -- Could not detect default configuration classes for test class [com.Thymleaf.ServerFrontend.ServerFrontendApplicationTests]: ServerFrontendApplicationTests does not declare any static, non-private, non-final, nested classes annotated with @Configuration.
19:59:36.184 [main] INFO org.springframework.boot.test.context.SpringBootTestContextBootstrapper -- Found @SpringBootConfiguration com.Thymleaf.ServerFrontend.ServerFrontendApplication for test class com.Thymleaf.ServerFrontend.ServerFrontendApplicationTests

  .   ____          _            __ _ _
 /\\ / ___'_ __ _ _(_)_ __  __ _ \ \ \ \
( ( )\___ | '_ | '_| | '_ \/ _` | \ \ \ \
 \\/  ___)| |_)| | | | | || (_| |  ) ) ) )
  '  |____| .__|_| |_|_| |_\__, | / / / /
 =========|_|==============|___/=/_/_/_/

 :: Spring Boot ::                (v4.0.6)

2026-05-20T19:59:36.942+05:30  INFO 10888 --- [ServerFrontend] [           main] c.T.S.ServerFrontendApplicationTests     : Starting ServerFrontendApplicationTests using Java 17.0.17 with PID 10888 (started by Sumiran Swaroop in F:\Spring\ServerFrontend)
2026-05-20T19:59:36.948+05:30  INFO 10888 --- [ServerFrontend] [           main] c.T.S.ServerFrontendApplicationTests     : No active profile set, falling back to 1 default profile: "default"
2026-05-20T19:59:38.415+05:30  INFO 10888 --- [ServerFrontend] [           main] o.s.b.w.a.WelcomePageHandlerMapping      : Adding welcome page template: index
2026-05-20T19:59:39.574+05:30  INFO 10888 --- [ServerFrontend] [           main] c.T.S.ServerFrontendApplicationTests     : Started ServerFrontendApplicationTests in 3.262 seconds (process running for 5.821)
]]></system-out>
  </testcase>
</testsuite>